# JRE version: OpenJDK Runtime Environment (8.0_242-b01) (build 1.8.0_242-release-1644-b01)
# Java VM: OpenJDK 64-Bit Server VM (25.242-b01 mixed mode windows-amd64 compressed oops)
Heap:
 PSYoungGen      total 119296K, used 108645K [0x00000000eab00000, 0x00000000f2b80000, 0x0000000100000000)
  eden space 109056K, 99% used [0x00000000eab00000,0x00000000f1519470,0x00000000f1580000)
  from space 10240K, 0% used [0x00000000f2180000,0x00000000f2180000,0x00000000f2b80000)
  to   space 11264K, 0% used [0x00000000f1580000,0x00000000f1580000,0x00000000f2080000)
 ParOldGen       total 86016K, used 19756K [0x00000000c0000000, 0x00000000c5400000, 0x00000000eab00000)
  object space 86016K, 22% used [0x00000000c0000000,0x00000000c134b2c8,0x00000000c5400000)
 Metaspace       used 50741K, capacity 52746K, committed 53160K, reserved 1097728K
  class space    used 6787K, capacity 7227K, committed 7344K, reserved 1048576K
GC Heap History (10 events):
Event: 18.898 GC heap before
{Heap before GC invocations=9 (full 1):
 PSYoungGen      total 103424K, used 49073K [0x00000000eab00000, 0x00000000f1d00000, 0x0000000100000000)
  eden space 92672K, 42% used [0x00000000eab00000,0x00000000ed13f050,0x00000000f0580000)
  from space 10752K, 92% used [0x00000000f0580000,0x00000000f0f2d7a8,0x00000000f1000000)
  to   space 11776K, 0% used [0x00000000f1180000,0x00000000f1180000,0x00000000f1d00000)
 ParOldGen       total 86016K, used 7605K [0x00000000c0000000, 0x00000000c5400000, 0x00000000eab00000)
  object space 86016K, 8% used [0x00000000c0000000,0x00000000c076d720,0x00000000c5400000)
 Metaspace       used 34272K, capacity 35396K, committed 35496K, reserved 1079296K
  class space    used 4715K, capacity 5001K, committed 5040K, reserved 1048576K
Event: 18.915 GC heap after
Heap after GC invocations=9 (full 1):
 PSYoungGen      total 104448K, used 8196K [0x00000000eab00000, 0x00000000f1d00000, 0x0000000100000000)
  eden space 92672K, 0% used [0x00000000eab00000,0x00000000eab00000,0x00000000f0580000)
  from space 11776K, 69% used [0x00000000f1180000,0x00000000f19811f0,0x00000000f1d00000)
  to   space 10752K, 0% used [0x00000000f0580000,0x00000000f0580000,0x00000000f1000000)
 ParOldGen       total 86016K, used 7613K [0x00000000c0000000, 0x00000000c5400000, 0x00000000eab00000)
  object space 86016K, 8% used [0x00000000c0000000,0x00000000c076f720,0x00000000c5400000)
 Metaspace       used 34272K, capacity 35396K, committed 35496K, reserved 1079296K
  class space    used 4715K, capacity 5001K, committed 5040K, reserved 1048576K
}
Event: 18.916 GC heap before
{Heap before GC invocations=10 (full 2):
 PSYoungGen      total 104448K, used 8196K [0x00000000eab00000, 0x00000000f1d00000, 0x0000000100000000)
  eden space 92672K, 0% used [0x00000000eab00000,0x00000000eab00000,0x00000000f0580000)
  from space 11776K, 69% used [0x00000000f1180000,0x00000000f19811f0,0x00000000f1d00000)
  to   space 10752K, 0% used [0x00000000f0580000,0x00000000f0580000,0x00000000f1000000)
 ParOldGen       total 86016K, used 7613K [0x00000000c0000000, 0x00000000c5400000, 0x00000000eab00000)
  object space 86016K, 8% used [0x00000000c0000000,0x00000000c076f720,0x00000000c5400000)
 Metaspace       used 34272K, capacity 35396K, committed 35496K, reserved 1079296K
  class space    used 4715K, capacity 5001K, committed 5040K, reserved 1048576K
Event: 19.119 GC heap after
Heap after GC invocations=10 (full 2):
 PSYoungGen      total 104448K, used 0K [0x00000000eab00000, 0x00000000f1d00000, 0x0000000100000000)
  eden space 92672K, 0% used [0x00000000eab00000,0x00000000eab00000,0x00000000f0580000)
  from space 11776K, 0% used [0x00000000f1180000,0x00000000f1180000,0x00000000f1d00000)
  to   space 10752K, 0% used [0x00000000f0580000,0x00000000f0580000,0x00000000f1000000)
 ParOldGen       total 86016K, used 14529K [0x00000000c0000000, 0x00000000c5400000, 0x00000000eab00000)
  object space 86016K, 16% used [0x00000000c0000000,0x00000000c0e305b0,0x00000000c5400000)
 Metaspace       used 34272K, capacity 35396K, committed 35496K, reserved 1079296K
  class space    used 4715K, capacity 5001K, committed 5040K, reserved 1048576K
}
Event: 26.477 GC heap before
{Heap before GC invocations=11 (full 2):
 PSYoungGen      total 104448K, used 92672K [0x00000000eab00000, 0x00000000f1d00000, 0x0000000100000000)
  eden space 92672K, 100% used [0x00000000eab00000,0x00000000f0580000,0x00000000f0580000)
  from space 11776K, 0% used [0x00000000f1180000,0x00000000f1180000,0x00000000f1d00000)
  to   space 10752K, 0% used [0x00000000f0580000,0x00000000f0580000,0x00000000f1000000)
 ParOldGen       total 86016K, used 14529K [0x00000000c0000000, 0x00000000c5400000, 0x00000000eab00000)
  object space 86016K, 16% used [0x00000000c0000000,0x00000000c0e305b0,0x00000000c5400000)
 Metaspace       used 37216K, capacity 38792K, committed 39080K, reserved 1083392K
  class space    used 5124K, capacity 5464K, committed 5552K, reserved 1048576K
Event: 26.493 GC heap after
Heap after GC invocations=11 (full 2):
 PSYoungGen      total 103424K, used 6731K [0x00000000eab00000, 0x00000000f2c80000, 0x0000000100000000)
  eden space 92672K, 0% used [0x00000000eab00000,0x00000000eab00000,0x00000000f0580000)
  from space 10752K, 62% used [0x00000000f0580000,0x00000000f0c12cc0,0x00000000f1000000)
  to   space 11264K, 0% used [0x00000000f2180000,0x00000000f2180000,0x00000000f2c80000)
 ParOldGen       total 86016K, used 14537K [0x00000000c0000000, 0x00000000c5400000, 0x00000000eab00000)
  object space 86016K, 16% used [0x00000000c0000000,0x00000000c0e325b0,0x00000000c5400000)
 Metaspace       used 37216K, capacity 38792K, committed 39080K, reserved 1083392K
  class space    used 5124K, capacity 5464K, committed 5552K, reserved 1048576K
}
Event: 28.250 GC heap before
{Heap before GC invocations=12 (full 2):
 PSYoungGen      total 103424K, used 34968K [0x00000000eab00000, 0x00000000f2c80000, 0x0000000100000000)
  eden space 92672K, 30% used [0x00000000eab00000,0x00000000ec693450,0x00000000f0580000)
  from space 10752K, 62% used [0x00000000f0580000,0x00000000f0c12cc0,0x00000000f1000000)
  to   space 11264K, 0% used [0x00000000f2180000,0x00000000f2180000,0x00000000f2c80000)
 ParOldGen       total 86016K, used 14537K [0x00000000c0000000, 0x00000000c5400000, 0x00000000eab00000)
  object space 86016K, 16% used [0x00000000c0000000,0x00000000c0e325b0,0x00000000c5400000)
 Metaspace       used 40250K, capacity 41960K, committed 42024K, reserved 1089536K
  class space    used 5544K, capacity 5930K, committed 5936K, reserved 1048576K
Event: 28.264 GC heap after
Heap after GC invocations=12 (full 2):
 PSYoungGen      total 119296K, used 7639K [0x00000000eab00000, 0x00000000f2b80000, 0x0000000100000000)
  eden space 109056K, 0% used [0x00000000eab00000,0x00000000eab00000,0x00000000f1580000)
  from space 10240K, 74% used [0x00000000f2180000,0x00000000f28f5f90,0x00000000f2b80000)
  to   space 11264K, 0% used [0x00000000f1580000,0x00000000f1580000,0x00000000f2080000)
 ParOldGen       total 86016K, used 14545K [0x00000000c0000000, 0x00000000c5400000, 0x00000000eab00000)
  object space 86016K, 16% used [0x00000000c0000000,0x00000000c0e345b0,0x00000000c5400000)
 Metaspace       used 40250K, capacity 41960K, committed 42024K, reserved 1089536K
  class space    used 5544K, capacity 5930K, committed 5936K, reserved 1048576K
}
Event: 28.264 GC heap before
{Heap before GC invocations=13 (full 3):
 PSYoungGen      total 119296K, used 7639K [0x00000000eab00000, 0x00000000f2b80000, 0x0000000100000000)
  eden space 109056K, 0% used [0x00000000eab00000,0x00000000eab00000,0x00000000f1580000)
  from space 10240K, 74% used [0x00000000f2180000,0x00000000f28f5f90,0x00000000f2b80000)
  to   space 11264K, 0% used [0x00000000f1580000,0x00000000f1580000,0x00000000f2080000)
 ParOldGen       total 86016K, used 14545K [0x00000000c0000000, 0x00000000c5400000, 0x00000000eab00000)
  object space 86016K, 16% used [0x00000000c0000000,0x00000000c0e345b0,0x00000000c5400000)
 Metaspace       used 40250K, capacity 41960K, committed 42024K, reserved 1089536K
  class space    used 5544K, capacity 5930K, committed 5936K, reserved 1048576K
Event: 28.618 GC heap after
Heap after GC invocations=13 (full 3):
 PSYoungGen      total 119296K, used 0K [0x00000000eab00000, 0x00000000f2b80000, 0x0000000100000000)
  eden space 109056K, 0% used [0x00000000eab00000,0x00000000eab00000,0x00000000f1580000)
  from space 10240K, 0% used [0x00000000f2180000,0x00000000f2180000,0x00000000f2b80000)
  to   space 11264K, 0% used [0x00000000f1580000,0x00000000f1580000,0x00000000f2080000)
 ParOldGen       total 86016K, used 19756K [0x00000000c0000000, 0x00000000c5400000, 0x00000000eab00000)
  object space 86016K, 22% used [0x00000000c0000000,0x00000000c134b2c8,0x00000000c5400000)
 Metaspace       used 40250K, capacity 41960K, committed 42024K, reserved 1087488K
  class space    used 5544K, capacity 5930K, committed 5936K, reserved 1048576K
}

